<?xml version="1.0" encoding="UTF-8"?>
<!-- Generated by org.testng.reporters.JUnitReportReporter -->
<testsuite hostname="DESKTOP-8ENFA42" failures="0" tests="1" name="repository.paper.PaperDAOTDDTest" time="0.025" errors="0" timestamp="21 Oct 2022 16:13:49 GMT">
  <testcase classname="repository.paper.PaperDAOTDDTest" name="testGetPapersUsernameLastedModifiedDate" time="0.025"/>
</testsuite> <!-- repository.paper.PaperDAOTDDTest -->
