<?xml version="1.0" encoding="UTF-8"?>
<!-- Generated by org.testng.reporters.JUnitReportReporter -->
<testsuite hostname="STARCI" name="testing.core.ddt.TestBean" tests="1" failures="0" timestamp="17 Oct 2022 10:28:30 GMT" time="0.004" errors="0">
  <testcase name="testMethod" time="0.004" classname="testing.core.ddt.TestBean"/>
</testsuite> <!-- testing.core.ddt.TestBean -->
