<?xml version="1.0" encoding="UTF-8"?>
<!-- Generated by org.testng.reporters.JUnitReportReporter -->
<testsuite hostname="LAPTOP-LF6JPCEJ" failures="0" tests="2" name="testng.core.tdd.giangvt.DDTTest" time="0.596" errors="0" timestamp="22 Oct 2022 01:37:00 GMT">
  <testcase classname="testng.core.tdd.giangvt.DDTTest" name="getTopics" time="0.065"/>
  <testcase classname="testng.core.tdd.giangvt.DDTTest" name="getArticle" time="0.531"/>
</testsuite> <!-- testng.core.tdd.giangvt.DDTTest -->
