<?xml version="1.0" encoding="UTF-8"?>
<!-- Generated by org.testng.reporters.JUnitReportReporter -->
<testsuite hostname="DESKTOP-8ENFA42" failures="0" tests="5" name="testing.core.ddt.DAOTest" time="0.008" errors="0" timestamp="21 Oct 2022 16:13:49 GMT">
  <testcase classname="testing.core.ddt.DAOTest" name="testPrimeNumberChecker" time="0.000"/>
  <testcase classname="testing.core.ddt.DAOTest" name="testPrimeNumberChecker" time="0.000"/>
  <testcase classname="testing.core.ddt.DAOTest" name="testPrimeNumberChecker" time="0.006"/>
  <testcase classname="testing.core.ddt.DAOTest" name="testPrimeNumberChecker" time="0.002"/>
  <testcase classname="testing.core.ddt.DAOTest" name="testPrimeNumberChecker" time="0.000"/>
</testsuite> <!-- testing.core.ddt.DAOTest -->
