<?xml version="1.0" encoding="UTF-8"?>
<!-- Generated by org.testng.reporters.JUnitReportReporter -->
<testsuite hostname="STARCI" name="testng.core.tdd.DAOTest" tests="2" failures="0" timestamp="17 Oct 2022 13:02:42 GMT" time="0.569" errors="0">
  <testcase name="getUserTest" time="0.508" classname="testng.core.tdd.DAOTest"/>
  <testcase name="getUsersTest" time="0.061" classname="testng.core.tdd.DAOTest"/>
</testsuite> <!-- testng.core.tdd.DAOTest -->
