<?xml version="1.0" encoding="UTF-8"?>
<!-- Generated by org.testng.reporters.JUnitReportReporter -->
<testsuite hostname="DESKTOP-8ENFA42" failures="0" tests="1" name="repository.paper.PaperDAOTDDTest" time="0.425" errors="0" timestamp="18 Oct 2022 15:58:06 GMT">
  <testcase classname="repository.paper.PaperDAOTDDTest" name="testGetPapersUsernameLastedModifiedDate" time="0.425"/>
</testsuite> <!-- repository.paper.PaperDAOTDDTest -->
