<?xml version="1.0" encoding="UTF-8"?>
<!-- Generated by org.testng.reporters.JUnitReportReporter -->
<testsuite hostname="DESKTOP-8ENFA42" failures="0" tests="1" name="testing.core.ddt.TestBean" time="0.000" errors="0" timestamp="21 Oct 2022 16:13:49 GMT">
  <testcase classname="testing.core.ddt.TestBean" name="testMethod" time="0.000"/>
</testsuite> <!-- testing.core.ddt.TestBean -->
