<?xml version="1.0" encoding="UTF-8"?>
<!-- Generated by org.testng.reporters.JUnitReportReporter -->
<testsuite hostname="DESKTOP-8ENFA42" failures="0" tests="1" name="testng.core.tdd.cuongnvt.DDTTest" time="0.425" errors="0" timestamp="21 Oct 2022 16:13:49 GMT">
  <testcase classname="testng.core.tdd.cuongnvt.DDTTest" name="getUserUsernameTest" time="0.425"/>
</testsuite> <!-- testng.core.tdd.cuongnvt.DDTTest -->
