<?xml version="1.0" encoding="UTF-8"?>
<!-- Generated by org.testng.reporters.JUnitReportReporter -->
<testsuite hostname="DESKTOP-8ENFA42" failures="0" tests="6" name="repository.paper.PaperDAODDTTest" time="0.166" errors="0" timestamp="21 Oct 2022 16:13:49 GMT">
  <testcase classname="repository.paper.PaperDAODDTTest" name="testGetPapersKeywordTopic" time="0.025"/>
  <testcase classname="repository.paper.PaperDAODDTTest" name="testGetPapersKeywordTopic" time="0.028"/>
  <testcase classname="repository.paper.PaperDAODDTTest" name="testGetPapersKeyword" time="0.035"/>
  <testcase classname="repository.paper.PaperDAODDTTest" name="testGetPapersUsernameLastedModifiedDate" time="0.025"/>
  <testcase classname="repository.paper.PaperDAODDTTest" name="testGetPapersUsernameLastedModifiedDate" time="0.025"/>
  <testcase classname="repository.paper.PaperDAODDTTest" name="testGetPapersKeyword" time="0.028"/>
</testsuite> <!-- repository.paper.PaperDAODDTTest -->
