<?xml version="1.0" encoding="UTF-8"?>
<!-- Generated by org.testng.reporters.JUnitReportReporter -->
<testsuite hostname="STARCI" name="testing.core.ddt.DAOTest" tests="5" failures="0" timestamp="17 Oct 2022 13:44:07 GMT" time="0.007" errors="0">
  <testcase name="testPrimeNumberChecker" time="0.000" classname="testing.core.ddt.DAOTest"/>
  <testcase name="testPrimeNumberChecker" time="0.000" classname="testing.core.ddt.DAOTest"/>
  <testcase name="testPrimeNumberChecker" time="0.002" classname="testing.core.ddt.DAOTest"/>
  <testcase name="testPrimeNumberChecker" time="0.005" classname="testing.core.ddt.DAOTest"/>
  <testcase name="testPrimeNumberChecker" time="0.000" classname="testing.core.ddt.DAOTest"/>
</testsuite> <!-- testing.core.ddt.DAOTest -->
